Protection Options for Tetris.exe
---------------------------------

Macros Information
------------------
VM Macros: 0
CodeReplace Macros: 0
ENCRYPT Macros: 0
CLEAR Macros: 0


Protection Options
------------------
Anti-Debugger: Disabled
Anti-Dumpers: DISABLED
Entry Point Ofuscation: DISABLED
Resource Encryption: DISABLED
VMWare compatible: ENABLED
API-Wrapping Level: Disable
Anti-Patching: File Patch (sign support)
Metamorph Security: DISABLED
Memory Guard: DISABLED
When Debugger Found: Display Message
Application compression: DISABLED
Resources compression: DISABLED
SecureEngine compression: DISABLED
Anti-File Monitor: DISABLED
Anti-Registry Monitor: DISABLED
Delphi/BCB form protection: DISABLED


Virtual Machine Settings
------------------------
Number of Virtual APIs wrapped: 1
API Virtualization Level: 3
Entry Point Virtualization: 15 instructions
Multi Branch Technology: DISABLED
Virtual Machine Processor: Mutable CISC processor
Number of CPUs: 4
Opcode Type: Metamorphic - Level 3
Dynamic Opcode: 60% Dynamic


Advanced Protection Options
---------------------------
Encrypt Application: DISABLED
DLL plugin: DISABLED
Hide from PE scanners: Standard
.NET assemblies: ENABLED
Active Context: DISABLED
Add Manifest: Don't add manifest


XBundler files
--------------
No files to bundle
